<?xml version="1.0" encoding="UTF-8"?>
<!-- Generated by org.testng.reporters.JUnitXMLReporter -->
<testsuite ignored="0" hostname="Sunit" failures="0" tests="5" name="Default test" time="9.638" errors="0" timestamp="2025-12-21T15:51:23 EST">
  <testcase classname="TestCases.SearchFunctionality" name="search" time="2.658"/>
  <testcase classname="TestCases.SearchFunctionality" name="addToCart" time="4.969"/>
  <testcase classname="TestCases.SearchFunctionality" name="checkout" time="0.048"/>
  <testcase classname="TestCases.SearchFunctionality" name="deleteFromCart" time="0.88"/>
  <testcase classname="TestCases.RecentViewItems" name="recentViewItems" time="1.026"/>
</testsuite> <!-- Default test -->
