<?xml version="1.0" encoding="UTF-8"?>
<!-- Generated by org.testng.reporters.JUnitXMLReporter -->
<testsuite ignored="3" hostname="Sunit" failures="2" tests="2" name="Test" time="0.07" errors="0" timestamp="2025-12-21T15:31:11 EST">
  <testcase classname="TestCases.SearchFunctionality" name="search" time="0.017">
    <failure type="java.lang.NullPointerException" message="Cannot invoke &amp;quot;org.openqa.selenium.WebDriver.findElement(org.openqa.selenium.By)&amp;quot; because &amp;quot;this.driver&amp;quot; is null">
      <![CDATA[java.lang.NullPointerException: Cannot invoke "org.openqa.selenium.WebDriver.findElement(org.openqa.selenium.By)" because "this.driver" is null
at BaseClass.ObjectRepos.searchIphone(ObjectRepos.java:22)
at TestCases.SearchFunctionality.search(SearchFunctionality.java:17)
at java.base/java.util.ArrayList.forEach(ArrayList.java:1596)
... Removed 25 stack frames]]>
    </failure>
  </testcase> <!-- search -->
  <testcase classname="TestCases.RecentViewItems" name="recentViewItems" time="0.002">
    <failure type="java.lang.NullPointerException" message="Cannot invoke &amp;quot;org.openqa.selenium.WebDriver.findElement(org.openqa.selenium.By)&amp;quot; because &amp;quot;this.driver&amp;quot; is null">
      <![CDATA[java.lang.NullPointerException: Cannot invoke "org.openqa.selenium.WebDriver.findElement(org.openqa.selenium.By)" because "this.driver" is null
at TestCases.RecentViewItems.recentViewItems(RecentViewItems.java:14)
at java.base/java.util.ArrayList.forEach(ArrayList.java:1596)
... Removed 25 stack frames]]>
    </failure>
  </testcase> <!-- recentViewItems -->
  <testcase classname="TestCases.SearchFunctionality" name="checkout" time="0.0">
    <ignored/>
  </testcase> <!-- checkout -->
  <testcase classname="TestCases.SearchFunctionality" name="addToCart" time="0.0">
    <ignored/>
  </testcase> <!-- addToCart -->
  <testcase classname="TestCases.SearchFunctionality" name="deleteFromCart" time="0.0">
    <ignored/>
  </testcase> <!-- deleteFromCart -->
</testsuite> <!-- Test -->
