<?xml version="1.0" encoding="UTF-8"?>
<testng-results ignored="0" total="7" passed="7" failed="0" skipped="0">
  <reporter-output>
  </reporter-output>
  <suite started-at="2025-12-26T15:49:24 EST" name="Default suite" finished-at="2025-12-26T15:49:32 EST" duration-ms="8018">
    <groups>
    </groups>
    <test started-at="2025-12-26T15:49:24 EST" name="Default test" finished-at="2025-12-26T15:49:32 EST" duration-ms="8018">
      <class name="TestCases.AboutPage">
        <test-method is-config="true" signature="OpenBrowser()[pri:0, instance:TestCases.AboutPage@477b4cdf]" started-at="2025-12-26T15:49:21 EST" name="OpenBrowser" finished-at="2025-12-26T15:49:24 EST" duration-ms="2199" status="PASS">
          <reporter-output>
          </reporter-output>
        </test-method> <!-- OpenBrowser -->
        <test-method signature="clickAboutEbay()[pri:1, instance:TestCases.AboutPage@477b4cdf]" started-at="2025-12-26T15:49:24 EST" name="clickAboutEbay" finished-at="2025-12-26T15:49:25 EST" duration-ms="1423" status="PASS">
          <reporter-output>
          </reporter-output>
        </test-method> <!-- clickAboutEbay -->
        <test-method signature="company()[pri:2, instance:TestCases.AboutPage@477b4cdf]" started-at="2025-12-26T15:49:25 EST" name="company" finished-at="2025-12-26T15:49:26 EST" duration-ms="1045" status="PASS">
          <reporter-output>
          </reporter-output>
        </test-method> <!-- company -->
        <test-method signature="stories()[pri:3, instance:TestCases.AboutPage@477b4cdf]" started-at="2025-12-26T15:49:26 EST" name="stories" finished-at="2025-12-26T15:49:27 EST" duration-ms="516" status="PASS">
          <reporter-output>
          </reporter-output>
        </test-method> <!-- stories -->
        <test-method signature="impactPage()[pri:4, instance:TestCases.AboutPage@477b4cdf]" started-at="2025-12-26T15:49:27 EST" name="impactPage" finished-at="2025-12-26T15:49:27 EST" duration-ms="541" status="PASS">
          <reporter-output>
          </reporter-output>
        </test-method> <!-- impactPage -->
        <test-method signature="innovationPage()[pri:5, instance:TestCases.AboutPage@477b4cdf]" started-at="2025-12-26T15:49:27 EST" name="innovationPage" finished-at="2025-12-26T15:49:28 EST" duration-ms="537" status="PASS">
          <reporter-output>
          </reporter-output>
        </test-method> <!-- innovationPage -->
        <test-method signature="investorPage()[pri:6, instance:TestCases.AboutPage@477b4cdf]" started-at="2025-12-26T15:49:28 EST" name="investorPage" finished-at="2025-12-26T15:49:29 EST" duration-ms="1359" status="PASS">
          <reporter-output>
          </reporter-output>
        </test-method> <!-- investorPage -->
        <test-method signature="careerPage()[pri:7, instance:TestCases.AboutPage@477b4cdf]" started-at="2025-12-26T15:49:29 EST" name="careerPage" finished-at="2025-12-26T15:49:32 EST" duration-ms="2545" status="PASS">
          <reporter-output>
          </reporter-output>
        </test-method> <!-- careerPage -->
        <test-method is-config="true" signature="closeBrowser()[pri:0, instance:TestCases.AboutPage@477b4cdf]" started-at="2025-12-26T15:49:32 EST" name="closeBrowser" finished-at="2025-12-26T15:49:38 EST" duration-ms="6732" status="PASS">
          <reporter-output>
          </reporter-output>
        </test-method> <!-- closeBrowser -->
      </class> <!-- TestCases.AboutPage -->
    </test> <!-- Default test -->
  </suite> <!-- Default suite -->
</testng-results>
