<?xml version="1.0" encoding="UTF-8"?>
<!-- Generated by org.testng.reporters.JUnitReportReporter -->
<testsuite hostname="Sunit" failures="0" tests="5" name="TestCases.RecentViewItems" time="9.581" errors="0" timestamp="2025-12-21T15:51:29 EST" skipped="0">
  <testcase classname="TestCases.RecentViewItems" name="search" time="2.658"/>
  <testcase classname="TestCases.RecentViewItems" name="addToCart" time="4.969"/>
  <testcase classname="TestCases.RecentViewItems" name="checkout" time="0.048"/>
  <testcase classname="TestCases.RecentViewItems" name="deleteFromCart" time="0.880"/>
  <testcase classname="TestCases.RecentViewItems" name="recentViewItems" time="1.026"/>
</testsuite> <!-- TestCases.RecentViewItems -->
