<?xml version="1.0" encoding="UTF-8"?>
<!-- Generated by org.testng.reporters.JUnitReportReporter -->
<testsuite hostname="Sunit" failures="0" tests="7" name="TestCases.AboutPage" time="7.966" errors="0" timestamp="2025-12-26T15:49:38 EST" skipped="0">
  <testcase classname="TestCases.AboutPage" name="clickAboutEbay" time="1.423"/>
  <testcase classname="TestCases.AboutPage" name="company" time="1.045"/>
  <testcase classname="TestCases.AboutPage" name="stories" time="0.516"/>
  <testcase classname="TestCases.AboutPage" name="impactPage" time="0.541"/>
  <testcase classname="TestCases.AboutPage" name="innovationPage" time="0.537"/>
  <testcase classname="TestCases.AboutPage" name="investorPage" time="1.359"/>
  <testcase classname="TestCases.AboutPage" name="careerPage" time="2.545"/>
</testsuite> <!-- TestCases.AboutPage -->
